  accessibility_handler.c
  browser.c
  browser_process_handler.c
  callback.c
  command_line.c
  context_menu_handler.c
  cookie.c
  dialog_handler.c
  display_handler.c
  dom.c
  download_hadler.c
  download_item.c
  drag_data.c
  drag_handler.c
  find_handler.c
  focus_handler.c
  frame.c
  geolocation.c
  geolocation_handler.c
  jsdialog_handler.c
  keyboard_handler.c
  life_span_handler.c
  load_handler.c
  menu_model.c
  menu_model_delegate.c
  parser.c
  print_handler.c
  render_handler.c
  render_process_handler.c
  request.c
  request_context_handler.c
  request_handler.c
  resource_bundle_handler.c
  task.c
  types.c
  types_win.c
  v8.c
  values.c
  app.c
  base.c
  client.c
  cefau3.c
  ptr.c
  string.c
     Creating library release\cefau3.lib and object release\cefau3.exp
  Generating code
  All 1115 functions were compiled because no usable IPDB/IOBJ from previous compilation was found.
  Finished generating code
  cefau3.vcxproj -> E:\cefau3-native\vs\release\cefau3.dll
  cefau3.vcxproj -> release\cefau3.pdb (Full PDB)
